[2020-07-02 13:58:25] (ERROR in xPDO::getService @ /home/n/nikidem/wda/public_html/core/xpdo/xpdo.class.php : 1234) modRestClient::__construct is deprecated since version 2.3.0. Use the modRest classes instead.
[2020-07-02 13:58:25] (ERROR in modRestCurlClient::__construct @ /home/n/nikidem/wda/public_html/core/model/modx/rest/modrestcurlclient.class.php : 26) modRestClient::__construct is deprecated since version 2.3.0. Use the modRest classes instead.
[2020-07-02 13:58:25] (ERROR in xPDO::getService @ /home/n/nikidem/wda/public_html/core/xpdo/xpdo.class.php : 1234) modRestClient::__construct is deprecated since version 2.3.0. Use the modRest classes instead.
[2020-07-02 13:58:25] (ERROR in modRestCurlClient::__construct @ /home/n/nikidem/wda/public_html/core/model/modx/rest/modrestcurlclient.class.php : 26) modRestClient::__construct is deprecated since version 2.3.0. Use the modRest classes instead.
[2020-07-02 13:58:51] (ERROR in xPDO::getService @ /home/n/nikidem/wda/public_html/core/xpdo/xpdo.class.php : 1234) modRestClient::__construct is deprecated since version 2.3.0. Use the modRest classes instead.
[2020-07-02 13:58:51] (ERROR in modRestCurlClient::__construct @ /home/n/nikidem/wda/public_html/core/model/modx/rest/modrestcurlclient.class.php : 26) modRestClient::__construct is deprecated since version 2.3.0. Use the modRest classes instead.
[2020-07-02 13:58:52] (ERROR in xPDO::getService @ /home/n/nikidem/wda/public_html/core/xpdo/xpdo.class.php : 1234) modRestClient::__construct is deprecated since version 2.3.0. Use the modRest classes instead.
[2020-07-02 13:58:52] (ERROR in modRestCurlClient::__construct @ /home/n/nikidem/wda/public_html/core/model/modx/rest/modrestcurlclient.class.php : 26) modRestClient::__construct is deprecated since version 2.3.0. Use the modRest classes instead.
[2020-07-02 13:58:56] (ERROR in xPDO::getService @ /home/n/nikidem/wda/public_html/core/xpdo/xpdo.class.php : 1234) modRestClient::__construct is deprecated since version 2.3.0. Use the modRest classes instead.
[2020-07-02 13:58:56] (ERROR in modRestCurlClient::__construct @ /home/n/nikidem/wda/public_html/core/model/modx/rest/modrestcurlclient.class.php : 26) modRestClient::__construct is deprecated since version 2.3.0. Use the modRest classes instead.
[2020-07-02 13:59:00] (ERROR in xPDO::getService @ /home/n/nikidem/wda/public_html/core/xpdo/xpdo.class.php : 1234) modRestClient::__construct is deprecated since version 2.3.0. Use the modRest classes instead.
[2020-07-02 13:59:00] (ERROR in modRestCurlClient::__construct @ /home/n/nikidem/wda/public_html/core/model/modx/rest/modrestcurlclient.class.php : 26) modRestClient::__construct is deprecated since version 2.3.0. Use the modRest classes instead.
[2020-07-02 13:59:15] (ERROR in xPDO::getService @ /home/n/nikidem/wda/public_html/core/xpdo/xpdo.class.php : 1234) modRestClient::__construct is deprecated since version 2.3.0. Use the modRest classes instead.
[2020-07-02 13:59:15] (ERROR in modRestCurlClient::__construct @ /home/n/nikidem/wda/public_html/core/model/modx/rest/modrestcurlclient.class.php : 26) modRestClient::__construct is deprecated since version 2.3.0. Use the modRest classes instead.
[2020-07-02 13:59:15] (ERROR in xPDO::getService @ /home/n/nikidem/wda/public_html/core/xpdo/xpdo.class.php : 1234) modRestClient::__construct is deprecated since version 2.3.0. Use the modRest classes instead.
[2020-07-02 13:59:15] (ERROR in modRestCurlClient::__construct @ /home/n/nikidem/wda/public_html/core/model/modx/rest/modrestcurlclient.class.php : 26) modRestClient::__construct is deprecated since version 2.3.0. Use the modRest classes instead.
[2020-07-02 13:59:55] (ERROR in xPDO::getService @ /home/n/nikidem/wda/public_html/core/xpdo/xpdo.class.php : 1234) modRestClient::__construct is deprecated since version 2.3.0. Use the modRest classes instead.
[2020-07-02 13:59:55] (ERROR in modRestCurlClient::__construct @ /home/n/nikidem/wda/public_html/core/model/modx/rest/modrestcurlclient.class.php : 26) modRestClient::__construct is deprecated since version 2.3.0. Use the modRest classes instead.
[2020-07-02 13:59:57] (ERROR in xPDO::getService @ /home/n/nikidem/wda/public_html/core/xpdo/xpdo.class.php : 1234) modRestClient::__construct is deprecated since version 2.3.0. Use the modRest classes instead.
[2020-07-02 13:59:57] (ERROR in modRestCurlClient::__construct @ /home/n/nikidem/wda/public_html/core/model/modx/rest/modrestcurlclient.class.php : 26) modRestClient::__construct is deprecated since version 2.3.0. Use the modRest classes instead.
[2020-07-02 14:00:12] (ERROR in xPDO::getService @ /home/n/nikidem/wda/public_html/core/xpdo/xpdo.class.php : 1234) modRestClient::__construct is deprecated since version 2.3.0. Use the modRest classes instead.
[2020-07-02 14:00:12] (ERROR in modRestCurlClient::__construct @ /home/n/nikidem/wda/public_html/core/model/modx/rest/modrestcurlclient.class.php : 26) modRestClient::__construct is deprecated since version 2.3.0. Use the modRest classes instead.
[2020-07-02 14:00:13] (ERROR in xPDO::getService @ /home/n/nikidem/wda/public_html/core/xpdo/xpdo.class.php : 1234) modRestClient::__construct is deprecated since version 2.3.0. Use the modRest classes instead.
[2020-07-02 14:00:13] (ERROR in modRestCurlClient::__construct @ /home/n/nikidem/wda/public_html/core/model/modx/rest/modrestcurlclient.class.php : 26) modRestClient::__construct is deprecated since version 2.3.0. Use the modRest classes instead.
[2020-07-02 14:02:36] (ERROR in xPDO::getService @ /home/n/nikidem/wda/public_html/core/xpdo/xpdo.class.php : 1234) modRestClient::__construct is deprecated since version 2.3.0. Use the modRest classes instead.
[2020-07-02 14:02:36] (ERROR in modRestCurlClient::__construct @ /home/n/nikidem/wda/public_html/core/model/modx/rest/modrestcurlclient.class.php : 26) modRestClient::__construct is deprecated since version 2.3.0. Use the modRest classes instead.
[2020-07-02 14:02:39] (ERROR in xPDO::getService @ /home/n/nikidem/wda/public_html/core/xpdo/xpdo.class.php : 1234) modRestClient::__construct is deprecated since version 2.3.0. Use the modRest classes instead.
[2020-07-02 14:02:39] (ERROR in modRestCurlClient::__construct @ /home/n/nikidem/wda/public_html/core/model/modx/rest/modrestcurlclient.class.php : 26) modRestClient::__construct is deprecated since version 2.3.0. Use the modRest classes instead.
[2020-07-02 14:02:48] (ERROR in xPDO::getService @ /home/n/nikidem/wda/public_html/core/xpdo/xpdo.class.php : 1234) modRestClient::__construct is deprecated since version 2.3.0. Use the modRest classes instead.
[2020-07-02 14:02:48] (ERROR in modRestCurlClient::__construct @ /home/n/nikidem/wda/public_html/core/model/modx/rest/modrestcurlclient.class.php : 26) modRestClient::__construct is deprecated since version 2.3.0. Use the modRest classes instead.
[2020-07-02 14:02:48] (ERROR in xPDO::getService @ /home/n/nikidem/wda/public_html/core/xpdo/xpdo.class.php : 1234) modRestClient::__construct is deprecated since version 2.3.0. Use the modRest classes instead.
[2020-07-02 14:02:48] (ERROR in modRestCurlClient::__construct @ /home/n/nikidem/wda/public_html/core/model/modx/rest/modrestcurlclient.class.php : 26) modRestClient::__construct is deprecated since version 2.3.0. Use the modRest classes instead.
[2020-07-02 14:02:55] (ERROR in xPDO::getService @ /home/n/nikidem/wda/public_html/core/xpdo/xpdo.class.php : 1234) modRestClient::__construct is deprecated since version 2.3.0. Use the modRest classes instead.
[2020-07-02 14:02:55] (ERROR in modRestCurlClient::__construct @ /home/n/nikidem/wda/public_html/core/model/modx/rest/modrestcurlclient.class.php : 26) modRestClient::__construct is deprecated since version 2.3.0. Use the modRest classes instead.
[2020-07-02 14:02:57] (ERROR in xPDO::getService @ /home/n/nikidem/wda/public_html/core/xpdo/xpdo.class.php : 1234) modRestClient::__construct is deprecated since version 2.3.0. Use the modRest classes instead.
[2020-07-02 14:02:57] (ERROR in modRestCurlClient::__construct @ /home/n/nikidem/wda/public_html/core/model/modx/rest/modrestcurlclient.class.php : 26) modRestClient::__construct is deprecated since version 2.3.0. Use the modRest classes instead.
[2020-07-02 14:03:12] (ERROR in xPDO::getService @ /home/n/nikidem/wda/public_html/core/xpdo/xpdo.class.php : 1234) modRestClient::__construct is deprecated since version 2.3.0. Use the modRest classes instead.
[2020-07-02 14:03:12] (ERROR in modRestCurlClient::__construct @ /home/n/nikidem/wda/public_html/core/model/modx/rest/modrestcurlclient.class.php : 26) modRestClient::__construct is deprecated since version 2.3.0. Use the modRest classes instead.
[2020-07-02 14:03:12] (ERROR in xPDO::getService @ /home/n/nikidem/wda/public_html/core/xpdo/xpdo.class.php : 1234) modRestClient::__construct is deprecated since version 2.3.0. Use the modRest classes instead.
[2020-07-02 14:03:12] (ERROR in modRestCurlClient::__construct @ /home/n/nikidem/wda/public_html/core/model/modx/rest/modrestcurlclient.class.php : 26) modRestClient::__construct is deprecated since version 2.3.0. Use the modRest classes instead.
[2020-07-02 14:03:50] (ERROR in xPDO::getService @ /home/n/nikidem/wda/public_html/core/xpdo/xpdo.class.php : 1234) modRestClient::__construct is deprecated since version 2.3.0. Use the modRest classes instead.
[2020-07-02 14:03:50] (ERROR in modRestCurlClient::__construct @ /home/n/nikidem/wda/public_html/core/model/modx/rest/modrestcurlclient.class.php : 26) modRestClient::__construct is deprecated since version 2.3.0. Use the modRest classes instead.
[2020-07-02 14:03:58] (ERROR in xPDO::getService @ /home/n/nikidem/wda/public_html/core/xpdo/xpdo.class.php : 1234) modRestClient::__construct is deprecated since version 2.3.0. Use the modRest classes instead.
[2020-07-02 14:03:58] (ERROR in modRestCurlClient::__construct @ /home/n/nikidem/wda/public_html/core/model/modx/rest/modrestcurlclient.class.php : 26) modRestClient::__construct is deprecated since version 2.3.0. Use the modRest classes instead.
[2020-07-02 14:04:06] (ERROR in xPDO::getService @ /home/n/nikidem/wda/public_html/core/xpdo/xpdo.class.php : 1234) modRestClient::__construct is deprecated since version 2.3.0. Use the modRest classes instead.
[2020-07-02 14:04:06] (ERROR in modRestCurlClient::__construct @ /home/n/nikidem/wda/public_html/core/model/modx/rest/modrestcurlclient.class.php : 26) modRestClient::__construct is deprecated since version 2.3.0. Use the modRest classes instead.
[2020-07-02 14:04:16] (ERROR in xPDO::getService @ /home/n/nikidem/wda/public_html/core/xpdo/xpdo.class.php : 1234) modRestClient::__construct is deprecated since version 2.3.0. Use the modRest classes instead.
[2020-07-02 14:04:16] (ERROR in modRestCurlClient::__construct @ /home/n/nikidem/wda/public_html/core/model/modx/rest/modrestcurlclient.class.php : 26) modRestClient::__construct is deprecated since version 2.3.0. Use the modRest classes instead.
[2020-07-02 16:50:49] (ERROR @ /home/n/nikidem/wda/public_html/core/model/modx/modcachemanager.class.php : 399) Error caching action map mgr/actions
[2020-07-03 14:34:59] (ERROR @ /home/n/nikidem/wda/public_html/core/model/modx/modcachemanager.class.php : 349) Error caching lexicon topic lexicon/en/core/default
[2020-07-03 14:34:59] (ERROR @ /home/n/nikidem/wda/public_html/core/model/modx/modcachemanager.class.php : 399) Error caching action map mgr/actions
[2020-07-13 15:00:11] (ERROR @ /home/n/nikidem/wda/public_html/core/model/modx/modcachemanager.class.php : 349) Error caching lexicon topic lexicon/en/core/source
[2020-07-13 15:07:20] (ERROR @ /home/n/nikidem/wda/public_html/core/model/modx/modcachemanager.class.php : 105) Resource URI услуги.html already exists for resource id = 3; skipping duplicate resource URI for resource id = 2
[2020-07-13 15:07:20] (ERROR @ /home/n/nikidem/wda/public_html/core/model/modx/modcachemanager.class.php : 105) Resource URI услуги/ already exists for resource id = 7; skipping duplicate resource URI for resource id = 4
[2020-07-13 15:07:20] (ERROR @ /home/n/nikidem/wda/public_html/core/model/modx/modcachemanager.class.php : 105) Resource URI услуги.html already exists for resource id = 3; skipping duplicate resource URI for resource id = 2
[2020-07-13 15:07:20] (ERROR @ /home/n/nikidem/wda/public_html/core/model/modx/modcachemanager.class.php : 105) Resource URI услуги/ already exists for resource id = 7; skipping duplicate resource URI for resource id = 4
[2020-07-13 15:09:22] (ERROR @ /home/n/nikidem/wda/public_html/core/model/modx/modcachemanager.class.php : 105) Resource URI услуги.html already exists for resource id = 3; skipping duplicate resource URI for resource id = 2
[2020-07-13 15:09:22] (ERROR @ /home/n/nikidem/wda/public_html/core/model/modx/modcachemanager.class.php : 105) Resource URI услуги/ already exists for resource id = 7; skipping duplicate resource URI for resource id = 4
[2020-07-13 15:09:22] (ERROR @ /home/n/nikidem/wda/public_html/core/model/modx/modcachemanager.class.php : 105) Resource URI услуги.html already exists for resource id = 3; skipping duplicate resource URI for resource id = 2
[2020-07-13 15:09:22] (ERROR @ /home/n/nikidem/wda/public_html/core/model/modx/modcachemanager.class.php : 105) Resource URI услуги/ already exists for resource id = 7; skipping duplicate resource URI for resource id = 4
[2020-07-13 15:09:26] (ERROR @ /home/n/nikidem/wda/public_html/core/model/modx/modcachemanager.class.php : 105) Resource URI услуги.html already exists for resource id = 3; skipping duplicate resource URI for resource id = 2
[2020-07-13 15:09:26] (ERROR @ /home/n/nikidem/wda/public_html/core/model/modx/modcachemanager.class.php : 105) Resource URI услуги/ already exists for resource id = 7; skipping duplicate resource URI for resource id = 4
[2020-07-13 15:09:26] (ERROR @ /home/n/nikidem/wda/public_html/core/model/modx/modcachemanager.class.php : 105) Resource URI услуги.html already exists for resource id = 3; skipping duplicate resource URI for resource id = 2
[2020-07-13 15:09:26] (ERROR @ /home/n/nikidem/wda/public_html/core/model/modx/modcachemanager.class.php : 105) Resource URI услуги/ already exists for resource id = 7; skipping duplicate resource URI for resource id = 4
[2020-07-13 15:10:47] (ERROR @ /home/n/nikidem/wda/public_html/core/model/modx/modcachemanager.class.php : 105) Resource URI услуги.html already exists for resource id = 3; skipping duplicate resource URI for resource id = 2
[2020-07-13 15:10:47] (ERROR @ /home/n/nikidem/wda/public_html/core/model/modx/modcachemanager.class.php : 105) Resource URI услуги/ already exists for resource id = 7; skipping duplicate resource URI for resource id = 4
[2020-07-13 15:10:47] (ERROR @ /home/n/nikidem/wda/public_html/core/model/modx/modcachemanager.class.php : 105) Resource URI услуги.html already exists for resource id = 3; skipping duplicate resource URI for resource id = 2
[2020-07-13 15:10:47] (ERROR @ /home/n/nikidem/wda/public_html/core/model/modx/modcachemanager.class.php : 105) Resource URI услуги/ already exists for resource id = 7; skipping duplicate resource URI for resource id = 4
[2020-07-13 15:30:09] (ERROR @ /home/n/nikidem/wda/public_html/core/model/modx/modcachemanager.class.php : 105) Resource URI услуги/ already exists for resource id = 7; skipping duplicate resource URI for resource id = 4
[2020-07-13 15:30:09] (ERROR @ /home/n/nikidem/wda/public_html/core/model/modx/modcachemanager.class.php : 105) Resource URI услуги/ already exists for resource id = 7; skipping duplicate resource URI for resource id = 4
[2020-07-30 12:25:58] (ERROR in resource 1 @ /home/n/nikidem/wda/public_html/core/model/modx/modparser.class.php : 1374) Bad link tag `[[~27]]` encountered
[2020-07-30 12:26:26] (ERROR in resource 1 @ /home/n/nikidem/wda/public_html/core/model/modx/modparser.class.php : 1374) Bad link tag `[[~27]]` encountered
[2020-07-30 12:29:18] (ERROR in resource 1 @ /home/n/nikidem/wda/public_html/core/model/modx/modparser.class.php : 1374) Bad link tag `[[~27]]` encountered
[2020-07-30 12:30:45] (ERROR in resource 1 @ /home/n/nikidem/wda/public_html/core/model/modx/modparser.class.php : 1374) Bad link tag `[[~27]]` encountered
[2020-07-30 12:32:55] (ERROR in resource 1 @ /home/n/nikidem/wda/public_html/core/model/modx/modparser.class.php : 1374) Bad link tag `[[~27]]` encountered
[2020-07-30 12:35:22] (ERROR in resource 1 @ /home/n/nikidem/wda/public_html/core/model/modx/modparser.class.php : 1374) Bad link tag `[[~27]]` encountered
[2020-07-30 12:38:51] (ERROR in resource 1 @ /home/n/nikidem/wda/public_html/core/model/modx/modparser.class.php : 1374) Bad link tag `[[~27]]` encountered
[2020-08-07 12:21:05] (ERROR in xPDO::getService @ /home/n/nikidem/wda/public_html/core/xpdo/xpdo.class.php : 1234) modRestClient::__construct is deprecated since version 2.3.0. Use the modRest classes instead.
[2020-08-07 12:21:05] (ERROR in modRestCurlClient::__construct @ /home/n/nikidem/wda/public_html/core/model/modx/rest/modrestcurlclient.class.php : 26) modRestClient::__construct is deprecated since version 2.3.0. Use the modRest classes instead.
[2020-08-07 12:21:05] (ERROR in xPDO::getService @ /home/n/nikidem/wda/public_html/core/xpdo/xpdo.class.php : 1234) modRestClient::__construct is deprecated since version 2.3.0. Use the modRest classes instead.
[2020-08-07 12:21:05] (ERROR in modRestCurlClient::__construct @ /home/n/nikidem/wda/public_html/core/model/modx/rest/modrestcurlclient.class.php : 26) modRestClient::__construct is deprecated since version 2.3.0. Use the modRest classes instead.
[2020-08-07 12:21:05] (ERROR in xPDO::getService @ /home/n/nikidem/wda/public_html/core/xpdo/xpdo.class.php : 1234) modRestClient::__construct is deprecated since version 2.3.0. Use the modRest classes instead.
[2020-08-07 12:21:05] (ERROR in modRestCurlClient::__construct @ /home/n/nikidem/wda/public_html/core/model/modx/rest/modrestcurlclient.class.php : 26) modRestClient::__construct is deprecated since version 2.3.0. Use the modRest classes instead.
[2020-08-10 11:38:35] (ERROR @ /home/n/nikidem/wda/public_html/core/model/modx/modcachemanager.class.php : 349) Error caching lexicon topic lexicon/ru/core/element
[2020-08-18 12:02:41] (ERROR in xPDO::getService @ /home/n/nikidem/wda/public_html/core/xpdo/xpdo.class.php : 1234) modRestClient::__construct is deprecated since version 2.3.0. Use the modRest classes instead.
[2020-08-18 12:02:41] (ERROR in modRestCurlClient::__construct @ /home/n/nikidem/wda/public_html/core/model/modx/rest/modrestcurlclient.class.php : 26) modRestClient::__construct is deprecated since version 2.3.0. Use the modRest classes instead.
[2020-08-18 12:02:41] (ERROR in xPDO::getService @ /home/n/nikidem/wda/public_html/core/xpdo/xpdo.class.php : 1234) modRestClient::__construct is deprecated since version 2.3.0. Use the modRest classes instead.
[2020-08-18 12:02:41] (ERROR in modRestCurlClient::__construct @ /home/n/nikidem/wda/public_html/core/model/modx/rest/modrestcurlclient.class.php : 26) modRestClient::__construct is deprecated since version 2.3.0. Use the modRest classes instead.
[2020-08-18 12:02:42] (ERROR in xPDO::getService @ /home/n/nikidem/wda/public_html/core/xpdo/xpdo.class.php : 1234) modRestClient::__construct is deprecated since version 2.3.0. Use the modRest classes instead.
[2020-08-18 12:02:42] (ERROR in modRestCurlClient::__construct @ /home/n/nikidem/wda/public_html/core/model/modx/rest/modrestcurlclient.class.php : 26) modRestClient::__construct is deprecated since version 2.3.0. Use the modRest classes instead.
[2020-09-03 13:40:00] (ERROR in xPDO::getService @ /home/n/nikidem/wda/public_html/core/xpdo/xpdo.class.php : 1234) modRestClient::__construct is deprecated since version 2.3.0. Use the modRest classes instead.
[2020-09-03 13:40:00] (ERROR in modRestCurlClient::__construct @ /home/n/nikidem/wda/public_html/core/model/modx/rest/modrestcurlclient.class.php : 26) modRestClient::__construct is deprecated since version 2.3.0. Use the modRest classes instead.
[2020-09-03 13:40:00] (ERROR in xPDO::getService @ /home/n/nikidem/wda/public_html/core/xpdo/xpdo.class.php : 1234) modRestClient::__construct is deprecated since version 2.3.0. Use the modRest classes instead.
[2020-09-03 13:40:00] (ERROR in modRestCurlClient::__construct @ /home/n/nikidem/wda/public_html/core/model/modx/rest/modrestcurlclient.class.php : 26) modRestClient::__construct is deprecated since version 2.3.0. Use the modRest classes instead.
[2020-09-03 13:40:00] (ERROR in xPDO::getService @ /home/n/nikidem/wda/public_html/core/xpdo/xpdo.class.php : 1234) modRestClient::__construct is deprecated since version 2.3.0. Use the modRest classes instead.
[2020-09-03 13:40:00] (ERROR in modRestCurlClient::__construct @ /home/n/nikidem/wda/public_html/core/model/modx/rest/modrestcurlclient.class.php : 26) modRestClient::__construct is deprecated since version 2.3.0. Use the modRest classes instead.
[2020-10-07 21:27:49] (ERROR in xPDOConnection::connect @ /home/n/nikidem/wda/public_html/core/xpdo/xpdo.class.php : 3119) SQLSTATE[08004] [1040] Too many connections
[2020-10-07 21:27:49] (ERROR @ /home/n/nikidem/wda/public_html/core/xpdo/om/xpdoquery.class.php : 652) Could not construct or prepare query because it is invalid or could not connect: SELECT `modExtensionPackage`.`id`, `modExtensionPackage`.`namespace`, `modExtensionPackage`.`name`, `modExtensionPackage`.`path`, `modExtensionPackage`.`table_prefix`, `modExtensionPackage`.`service_class`, `modExtensionPackage`.`service_name`, `modExtensionPackage`.`created_at`, `modExtensionPackage`.`updated_at`, Namespace.path AS namespace_path FROM `modx_extension_packages` AS `modExtensionPackage` JOIN `modx_namespaces` `Namespace` ON `modExtensionPackage`.`namespace` =  `Namespace`.`name` ORDER BY namespace ASC 
[2020-10-07 21:27:49] (ERROR in xPDOConnection::connect @ /home/n/nikidem/wda/public_html/core/xpdo/xpdo.class.php : 3119) SQLSTATE[08004] [1040] Too many connections
[2020-10-07 21:27:49] (ERROR @ /home/n/nikidem/wda/public_html/core/xpdo/om/xpdoquery.class.php : 652) Could not construct or prepare query because it is invalid or could not connect: SELECT `modSession`.`id` AS `modSession_id`, `modSession`.`access` AS `modSession_access`, `modSession`.`data` AS `modSession_data` FROM `modx_session` AS `modSession` WHERE `modSession`.`id` = ? 
[2020-10-07 21:27:49] (ERROR in xPDOConnection::connect @ /home/n/nikidem/wda/public_html/core/xpdo/xpdo.class.php : 3119) SQLSTATE[08004] [1040] Too many connections
[2020-10-07 21:27:49] (ERROR @ /home/n/nikidem/wda/public_html/core/xpdo/om/xpdoobject.class.php : 263) Error preparing statement for query: SELECT `modSession`.`id` AS `modSession_id`, `modSession`.`access` AS `modSession_access`, `modSession`.`data` AS `modSession_data` FROM `modx_session` AS `modSession` WHERE `modSession`.`id` = ?  - 
[2020-10-07 21:27:49] (ERROR in xPDOConnection::connect @ /home/n/nikidem/wda/public_html/core/xpdo/xpdo.class.php : 3119) SQLSTATE[08004] [1040] Too many connections
[2020-10-07 21:27:49] (ERROR @ /home/n/nikidem/wda/public_html/core/xpdo/om/xpdoquery.class.php : 652) Could not construct or prepare query because it is invalid or could not connect: SELECT modAccessContext.id, modAccessContext.target, modAccessContext.principal, modAccessContext.authority, modAccessContext.policy, Policy.data FROM `modx_access_context` AS `modAccessContext` LEFT JOIN `modx_access_policies` `Policy` ON `modAccessContext`.`policy` =  `Policy`.`id` WHERE  ( `modAccessContext`.`principal_class` = ? AND `modAccessContext`.`target` = ? )  ORDER BY modAccessContext.target,modAccessContext.principal,modAccessContext.authority,modAccessContext.policy ASC 
[2020-10-07 21:27:49] (ERROR in xPDOConnection::connect @ /home/n/nikidem/wda/public_html/core/xpdo/xpdo.class.php : 3119) SQLSTATE[08004] [1040] Too many connections
[2020-10-07 21:27:49] (ERROR @ /home/n/nikidem/wda/public_html/core/xpdo/om/xpdoobject.class.php : 263) Error preparing statement for query: SELECT modAccessContext.id, modAccessContext.target, modAccessContext.principal, modAccessContext.authority, modAccessContext.policy, Policy.data FROM `modx_access_context` AS `modAccessContext` LEFT JOIN `modx_access_policies` `Policy` ON `modAccessContext`.`policy` =  `Policy`.`id` WHERE  ( `modAccessContext`.`principal_class` = ? AND `modAccessContext`.`target` = ? )  ORDER BY modAccessContext.target,modAccessContext.principal,modAccessContext.authority,modAccessContext.policy ASC  - 
[2020-10-07 21:27:49] (ERROR in xPDOConnection::connect @ /home/n/nikidem/wda/public_html/core/xpdo/xpdo.class.php : 3119) SQLSTATE[08004] [1040] Too many connections
[2020-10-07 21:27:49] (ERROR @ /home/n/nikidem/wda/public_html/core/xpdo/om/xpdoquery.class.php : 652) Could not construct or prepare query because it is invalid or could not connect: SELECT `modResource`.* FROM `modx_site_content` AS `modResource` WHERE  ( `modResource`.`id` = ? AND `modResource`.`deleted` = ? )  
[2020-10-07 21:27:49] (ERROR in xPDOConnection::connect @ /home/n/nikidem/wda/public_html/core/xpdo/xpdo.class.php : 3119) SQLSTATE[08004] [1040] Too many connections
[2020-10-07 21:27:49] (ERROR @ /home/n/nikidem/wda/public_html/core/xpdo/om/xpdoobject.class.php : 263) Error preparing statement for query: SELECT `modResource`.* FROM `modx_site_content` AS `modResource` WHERE  ( `modResource`.`id` = ? AND `modResource`.`deleted` = ? )   - 
[2020-10-07 21:27:49] (ERROR in xPDOConnection::connect @ /home/n/nikidem/wda/public_html/core/xpdo/xpdo.class.php : 3119) SQLSTATE[08004] [1040] Too many connections
[2020-10-07 21:27:49] (ERROR @ /home/n/nikidem/wda/public_html/core/xpdo/om/xpdoquery.class.php : 652) Could not construct or prepare query because it is invalid or could not connect: SELECT `modResource`.* FROM `modx_site_content` AS `modResource` WHERE  ( `modResource`.`id` = ? AND `modResource`.`deleted` = ? )  
[2020-10-07 21:27:49] (ERROR in xPDOConnection::connect @ /home/n/nikidem/wda/public_html/core/xpdo/xpdo.class.php : 3119) SQLSTATE[08004] [1040] Too many connections
[2020-10-07 21:27:49] (ERROR @ /home/n/nikidem/wda/public_html/core/xpdo/om/xpdoobject.class.php : 263) Error preparing statement for query: SELECT `modResource`.* FROM `modx_site_content` AS `modResource` WHERE  ( `modResource`.`id` = ? AND `modResource`.`deleted` = ? )   - 
[2020-10-07 21:27:49] (ERROR in xPDOConnection::connect @ /home/n/nikidem/wda/public_html/core/xpdo/xpdo.class.php : 3119) SQLSTATE[08004] [1040] Too many connections
[2020-10-07 21:27:49] (ERROR @ /home/n/nikidem/wda/public_html/core/xpdo/om/xpdoquery.class.php : 652) Could not construct or prepare query because it is invalid or could not connect: SELECT `modSession`.`id` AS `modSession_id`, `modSession`.`access` AS `modSession_access`, `modSession`.`data` AS `modSession_data` FROM `modx_session` AS `modSession` WHERE `modSession`.`id` = ? 
[2020-10-07 21:27:49] (ERROR in xPDOConnection::connect @ /home/n/nikidem/wda/public_html/core/xpdo/xpdo.class.php : 3119) SQLSTATE[08004] [1040] Too many connections
[2020-10-07 21:27:49] (ERROR @ /home/n/nikidem/wda/public_html/core/xpdo/om/xpdoobject.class.php : 263) Error preparing statement for query: SELECT `modSession`.`id` AS `modSession_id`, `modSession`.`access` AS `modSession_access`, `modSession`.`data` AS `modSession_data` FROM `modx_session` AS `modSession` WHERE `modSession`.`id` = ?  - 
[2020-10-07 21:27:49] (ERROR in xPDOConnection::connect @ /home/n/nikidem/wda/public_html/core/xpdo/xpdo.class.php : 3119) SQLSTATE[HY000] [1040] Too many connections
[2020-10-07 21:27:49] (ERROR in xPDOConnection::connect @ /home/n/nikidem/wda/public_html/core/xpdo/xpdo.class.php : 3119) SQLSTATE[08004] [1040] Too many connections
