[2020-08-07 12:20:03] (ERROR in xPDO::getService @ /home/n/nikidem/sirchaplin.ru/public_html/core/xpdo/xpdo.class.php : 1234) modRestClient::__construct is deprecated since version 2.3.0. Use the modRest classes instead.
[2020-08-07 12:20:03] (ERROR in modRestCurlClient::__construct @ /home/n/nikidem/sirchaplin.ru/public_html/core/model/modx/rest/modrestcurlclient.class.php : 26) modRestClient::__construct is deprecated since version 2.3.0. Use the modRest classes instead.
[2020-08-07 12:20:03] (ERROR in xPDO::getService @ /home/n/nikidem/sirchaplin.ru/public_html/core/xpdo/xpdo.class.php : 1234) modRestClient::__construct is deprecated since version 2.3.0. Use the modRest classes instead.
[2020-08-07 12:20:03] (ERROR in modRestCurlClient::__construct @ /home/n/nikidem/sirchaplin.ru/public_html/core/model/modx/rest/modrestcurlclient.class.php : 26) modRestClient::__construct is deprecated since version 2.3.0. Use the modRest classes instead.
[2020-08-07 12:21:09] (ERROR in xPDO::getService @ /home/n/nikidem/sirchaplin.ru/public_html/core/xpdo/xpdo.class.php : 1234) modRestClient::__construct is deprecated since version 2.3.0. Use the modRest classes instead.
[2020-08-07 12:21:09] (ERROR in modRestCurlClient::__construct @ /home/n/nikidem/sirchaplin.ru/public_html/core/model/modx/rest/modrestcurlclient.class.php : 26) modRestClient::__construct is deprecated since version 2.3.0. Use the modRest classes instead.
[2020-08-07 12:21:09] (ERROR in xPDO::getService @ /home/n/nikidem/sirchaplin.ru/public_html/core/xpdo/xpdo.class.php : 1234) modRestClient::__construct is deprecated since version 2.3.0. Use the modRest classes instead.
[2020-08-07 12:21:09] (ERROR in modRestCurlClient::__construct @ /home/n/nikidem/sirchaplin.ru/public_html/core/model/modx/rest/modrestcurlclient.class.php : 26) modRestClient::__construct is deprecated since version 2.3.0. Use the modRest classes instead.
[2020-08-07 12:21:16] (ERROR in xPDO::getService @ /home/n/nikidem/sirchaplin.ru/public_html/core/xpdo/xpdo.class.php : 1234) modRestClient::__construct is deprecated since version 2.3.0. Use the modRest classes instead.
[2020-08-07 12:21:16] (ERROR in modRestCurlClient::__construct @ /home/n/nikidem/sirchaplin.ru/public_html/core/model/modx/rest/modrestcurlclient.class.php : 26) modRestClient::__construct is deprecated since version 2.3.0. Use the modRest classes instead.
[2020-08-07 12:21:19] (ERROR in xPDO::getService @ /home/n/nikidem/sirchaplin.ru/public_html/core/xpdo/xpdo.class.php : 1234) modRestClient::__construct is deprecated since version 2.3.0. Use the modRest classes instead.
[2020-08-07 12:21:19] (ERROR in modRestCurlClient::__construct @ /home/n/nikidem/sirchaplin.ru/public_html/core/model/modx/rest/modrestcurlclient.class.php : 26) modRestClient::__construct is deprecated since version 2.3.0. Use the modRest classes instead.
[2020-08-07 12:21:24] (ERROR in xPDO::getService @ /home/n/nikidem/sirchaplin.ru/public_html/core/xpdo/xpdo.class.php : 1234) modRestClient::__construct is deprecated since version 2.3.0. Use the modRest classes instead.
[2020-08-07 12:21:24] (ERROR in modRestCurlClient::__construct @ /home/n/nikidem/sirchaplin.ru/public_html/core/model/modx/rest/modrestcurlclient.class.php : 26) modRestClient::__construct is deprecated since version 2.3.0. Use the modRest classes instead.
[2020-08-07 12:21:24] (ERROR in xPDO::getService @ /home/n/nikidem/sirchaplin.ru/public_html/core/xpdo/xpdo.class.php : 1234) modRestClient::__construct is deprecated since version 2.3.0. Use the modRest classes instead.
[2020-08-07 12:21:24] (ERROR in modRestCurlClient::__construct @ /home/n/nikidem/sirchaplin.ru/public_html/core/model/modx/rest/modrestcurlclient.class.php : 26) modRestClient::__construct is deprecated since version 2.3.0. Use the modRest classes instead.
[2020-08-07 12:21:31] (ERROR in xPDO::getService @ /home/n/nikidem/sirchaplin.ru/public_html/core/xpdo/xpdo.class.php : 1234) modRestClient::__construct is deprecated since version 2.3.0. Use the modRest classes instead.
[2020-08-07 12:21:31] (ERROR in modRestCurlClient::__construct @ /home/n/nikidem/sirchaplin.ru/public_html/core/model/modx/rest/modrestcurlclient.class.php : 26) modRestClient::__construct is deprecated since version 2.3.0. Use the modRest classes instead.
[2020-08-07 12:21:31] (ERROR in xPDO::getService @ /home/n/nikidem/sirchaplin.ru/public_html/core/xpdo/xpdo.class.php : 1234) modRestClient::__construct is deprecated since version 2.3.0. Use the modRest classes instead.
[2020-08-07 12:21:31] (ERROR in modRestCurlClient::__construct @ /home/n/nikidem/sirchaplin.ru/public_html/core/model/modx/rest/modrestcurlclient.class.php : 26) modRestClient::__construct is deprecated since version 2.3.0. Use the modRest classes instead.
[2020-08-07 12:21:33] (ERROR in xPDO::getService @ /home/n/nikidem/sirchaplin.ru/public_html/core/xpdo/xpdo.class.php : 1234) modRestClient::__construct is deprecated since version 2.3.0. Use the modRest classes instead.
[2020-08-07 12:21:33] (ERROR in modRestCurlClient::__construct @ /home/n/nikidem/sirchaplin.ru/public_html/core/model/modx/rest/modrestcurlclient.class.php : 26) modRestClient::__construct is deprecated since version 2.3.0. Use the modRest classes instead.
[2020-08-07 12:21:33] (ERROR in xPDO::getService @ /home/n/nikidem/sirchaplin.ru/public_html/core/xpdo/xpdo.class.php : 1234) modRestClient::__construct is deprecated since version 2.3.0. Use the modRest classes instead.
[2020-08-07 12:21:33] (ERROR in modRestCurlClient::__construct @ /home/n/nikidem/sirchaplin.ru/public_html/core/model/modx/rest/modrestcurlclient.class.php : 26) modRestClient::__construct is deprecated since version 2.3.0. Use the modRest classes instead.
[2020-08-07 12:21:36] (ERROR in xPDO::getService @ /home/n/nikidem/sirchaplin.ru/public_html/core/xpdo/xpdo.class.php : 1234) modRestClient::__construct is deprecated since version 2.3.0. Use the modRest classes instead.
[2020-08-07 12:21:36] (ERROR in modRestCurlClient::__construct @ /home/n/nikidem/sirchaplin.ru/public_html/core/model/modx/rest/modrestcurlclient.class.php : 26) modRestClient::__construct is deprecated since version 2.3.0. Use the modRest classes instead.
[2020-08-07 12:21:38] (ERROR in xPDO::getService @ /home/n/nikidem/sirchaplin.ru/public_html/core/xpdo/xpdo.class.php : 1234) modRestClient::__construct is deprecated since version 2.3.0. Use the modRest classes instead.
[2020-08-07 12:21:38] (ERROR in modRestCurlClient::__construct @ /home/n/nikidem/sirchaplin.ru/public_html/core/model/modx/rest/modrestcurlclient.class.php : 26) modRestClient::__construct is deprecated since version 2.3.0. Use the modRest classes instead.
[2020-08-07 12:21:47] (ERROR in xPDO::getService @ /home/n/nikidem/sirchaplin.ru/public_html/core/xpdo/xpdo.class.php : 1234) modRestClient::__construct is deprecated since version 2.3.0. Use the modRest classes instead.
[2020-08-07 12:21:47] (ERROR in modRestCurlClient::__construct @ /home/n/nikidem/sirchaplin.ru/public_html/core/model/modx/rest/modrestcurlclient.class.php : 26) modRestClient::__construct is deprecated since version 2.3.0. Use the modRest classes instead.
[2020-08-07 12:21:47] (ERROR in xPDO::getService @ /home/n/nikidem/sirchaplin.ru/public_html/core/xpdo/xpdo.class.php : 1234) modRestClient::__construct is deprecated since version 2.3.0. Use the modRest classes instead.
[2020-08-07 12:21:47] (ERROR in modRestCurlClient::__construct @ /home/n/nikidem/sirchaplin.ru/public_html/core/model/modx/rest/modrestcurlclient.class.php : 26) modRestClient::__construct is deprecated since version 2.3.0. Use the modRest classes instead.
[2020-08-07 12:21:51] (ERROR in xPDO::getService @ /home/n/nikidem/sirchaplin.ru/public_html/core/xpdo/xpdo.class.php : 1234) modRestClient::__construct is deprecated since version 2.3.0. Use the modRest classes instead.
[2020-08-07 12:21:51] (ERROR in modRestCurlClient::__construct @ /home/n/nikidem/sirchaplin.ru/public_html/core/model/modx/rest/modrestcurlclient.class.php : 26) modRestClient::__construct is deprecated since version 2.3.0. Use the modRest classes instead.
[2020-08-07 12:21:53] (ERROR in xPDO::getService @ /home/n/nikidem/sirchaplin.ru/public_html/core/xpdo/xpdo.class.php : 1234) modRestClient::__construct is deprecated since version 2.3.0. Use the modRest classes instead.
[2020-08-07 12:21:53] (ERROR in modRestCurlClient::__construct @ /home/n/nikidem/sirchaplin.ru/public_html/core/model/modx/rest/modrestcurlclient.class.php : 26) modRestClient::__construct is deprecated since version 2.3.0. Use the modRest classes instead.
[2020-08-07 12:21:56] (ERROR in xPDO::getService @ /home/n/nikidem/sirchaplin.ru/public_html/core/xpdo/xpdo.class.php : 1234) modRestClient::__construct is deprecated since version 2.3.0. Use the modRest classes instead.
[2020-08-07 12:21:56] (ERROR in modRestCurlClient::__construct @ /home/n/nikidem/sirchaplin.ru/public_html/core/model/modx/rest/modrestcurlclient.class.php : 26) modRestClient::__construct is deprecated since version 2.3.0. Use the modRest classes instead.
[2020-08-07 12:21:56] (ERROR in xPDO::getService @ /home/n/nikidem/sirchaplin.ru/public_html/core/xpdo/xpdo.class.php : 1234) modRestClient::__construct is deprecated since version 2.3.0. Use the modRest classes instead.
[2020-08-07 12:21:56] (ERROR in modRestCurlClient::__construct @ /home/n/nikidem/sirchaplin.ru/public_html/core/model/modx/rest/modrestcurlclient.class.php : 26) modRestClient::__construct is deprecated since version 2.3.0. Use the modRest classes instead.
[2020-08-07 12:22:05] (ERROR in xPDO::getService @ /home/n/nikidem/sirchaplin.ru/public_html/core/xpdo/xpdo.class.php : 1234) modRestClient::__construct is deprecated since version 2.3.0. Use the modRest classes instead.
[2020-08-07 12:22:05] (ERROR in modRestCurlClient::__construct @ /home/n/nikidem/sirchaplin.ru/public_html/core/model/modx/rest/modrestcurlclient.class.php : 26) modRestClient::__construct is deprecated since version 2.3.0. Use the modRest classes instead.
[2020-08-07 12:22:07] (ERROR in xPDO::getService @ /home/n/nikidem/sirchaplin.ru/public_html/core/xpdo/xpdo.class.php : 1234) modRestClient::__construct is deprecated since version 2.3.0. Use the modRest classes instead.
[2020-08-07 12:22:07] (ERROR in modRestCurlClient::__construct @ /home/n/nikidem/sirchaplin.ru/public_html/core/model/modx/rest/modrestcurlclient.class.php : 26) modRestClient::__construct is deprecated since version 2.3.0. Use the modRest classes instead.
[2020-08-07 12:22:16] (ERROR in xPDO::getService @ /home/n/nikidem/sirchaplin.ru/public_html/core/xpdo/xpdo.class.php : 1234) modRestClient::__construct is deprecated since version 2.3.0. Use the modRest classes instead.
[2020-08-07 12:22:16] (ERROR in modRestCurlClient::__construct @ /home/n/nikidem/sirchaplin.ru/public_html/core/model/modx/rest/modrestcurlclient.class.php : 26) modRestClient::__construct is deprecated since version 2.3.0. Use the modRest classes instead.
[2020-08-07 12:22:16] (ERROR in xPDO::getService @ /home/n/nikidem/sirchaplin.ru/public_html/core/xpdo/xpdo.class.php : 1234) modRestClient::__construct is deprecated since version 2.3.0. Use the modRest classes instead.
[2020-08-07 12:22:16] (ERROR in modRestCurlClient::__construct @ /home/n/nikidem/sirchaplin.ru/public_html/core/model/modx/rest/modrestcurlclient.class.php : 26) modRestClient::__construct is deprecated since version 2.3.0. Use the modRest classes instead.
[2020-08-07 12:22:28] (ERROR in xPDO::getService @ /home/n/nikidem/sirchaplin.ru/public_html/core/xpdo/xpdo.class.php : 1234) modRestClient::__construct is deprecated since version 2.3.0. Use the modRest classes instead.
[2020-08-07 12:22:28] (ERROR in modRestCurlClient::__construct @ /home/n/nikidem/sirchaplin.ru/public_html/core/model/modx/rest/modrestcurlclient.class.php : 26) modRestClient::__construct is deprecated since version 2.3.0. Use the modRest classes instead.
[2020-08-07 12:22:38] (ERROR in xPDO::getService @ /home/n/nikidem/sirchaplin.ru/public_html/core/xpdo/xpdo.class.php : 1234) modRestClient::__construct is deprecated since version 2.3.0. Use the modRest classes instead.
[2020-08-07 12:22:38] (ERROR in modRestCurlClient::__construct @ /home/n/nikidem/sirchaplin.ru/public_html/core/model/modx/rest/modrestcurlclient.class.php : 26) modRestClient::__construct is deprecated since version 2.3.0. Use the modRest classes instead.
[2020-08-07 12:22:47] (ERROR in xPDO::getService @ /home/n/nikidem/sirchaplin.ru/public_html/core/xpdo/xpdo.class.php : 1234) modRestClient::__construct is deprecated since version 2.3.0. Use the modRest classes instead.
[2020-08-07 12:22:47] (ERROR in modRestCurlClient::__construct @ /home/n/nikidem/sirchaplin.ru/public_html/core/model/modx/rest/modrestcurlclient.class.php : 26) modRestClient::__construct is deprecated since version 2.3.0. Use the modRest classes instead.
[2020-08-07 12:22:55] (ERROR in xPDO::getService @ /home/n/nikidem/sirchaplin.ru/public_html/core/xpdo/xpdo.class.php : 1234) modRestClient::__construct is deprecated since version 2.3.0. Use the modRest classes instead.
[2020-08-07 12:22:55] (ERROR in modRestCurlClient::__construct @ /home/n/nikidem/sirchaplin.ru/public_html/core/model/modx/rest/modrestcurlclient.class.php : 26) modRestClient::__construct is deprecated since version 2.3.0. Use the modRest classes instead.
[2020-09-20 03:20:47] (ERROR in xPDOConnection::connect @ /home/n/nikidem/sirchaplin.ru/public_html/core/xpdo/xpdo.class.php : 3119) SQLSTATE[HY000] [2002] No such file or directory
[2020-09-20 03:20:47] (ERROR @ /home/n/nikidem/sirchaplin.ru/public_html/core/xpdo/om/xpdoquery.class.php : 652) Could not construct or prepare query because it is invalid or could not connect: SELECT `modExtensionPackage`.`id`, `modExtensionPackage`.`namespace`, `modExtensionPackage`.`name`, `modExtensionPackage`.`path`, `modExtensionPackage`.`table_prefix`, `modExtensionPackage`.`service_class`, `modExtensionPackage`.`service_name`, `modExtensionPackage`.`created_at`, `modExtensionPackage`.`updated_at`, Namespace.path AS namespace_path FROM `modx_extension_packages` AS `modExtensionPackage` JOIN `modx_namespaces` `Namespace` ON `modExtensionPackage`.`namespace` =  `Namespace`.`name` ORDER BY namespace ASC 
[2020-09-20 03:20:47] (ERROR in xPDOConnection::connect @ /home/n/nikidem/sirchaplin.ru/public_html/core/xpdo/xpdo.class.php : 3119) SQLSTATE[HY000] [2002] No such file or directory
[2020-09-20 03:20:47] (ERROR @ /home/n/nikidem/sirchaplin.ru/public_html/core/xpdo/om/xpdoquery.class.php : 652) Could not construct or prepare query because it is invalid or could not connect: SELECT `modSession`.`id` AS `modSession_id`, `modSession`.`access` AS `modSession_access`, `modSession`.`data` AS `modSession_data` FROM `modx_session` AS `modSession` WHERE `modSession`.`id` = ? 
[2020-09-20 03:20:47] (ERROR in xPDOConnection::connect @ /home/n/nikidem/sirchaplin.ru/public_html/core/xpdo/xpdo.class.php : 3119) SQLSTATE[HY000] [2002] No such file or directory
[2020-09-20 03:20:47] (ERROR @ /home/n/nikidem/sirchaplin.ru/public_html/core/xpdo/om/xpdoobject.class.php : 263) Error preparing statement for query: SELECT `modSession`.`id` AS `modSession_id`, `modSession`.`access` AS `modSession_access`, `modSession`.`data` AS `modSession_data` FROM `modx_session` AS `modSession` WHERE `modSession`.`id` = ?  - 
[2020-09-20 03:20:47] (ERROR in xPDOConnection::connect @ /home/n/nikidem/sirchaplin.ru/public_html/core/xpdo/xpdo.class.php : 3119) SQLSTATE[HY000] [2002] No such file or directory
[2020-09-20 03:20:47] (ERROR @ /home/n/nikidem/sirchaplin.ru/public_html/core/xpdo/om/xpdoquery.class.php : 652) Could not construct or prepare query because it is invalid or could not connect: SELECT modAccessContext.id, modAccessContext.target, modAccessContext.principal, modAccessContext.authority, modAccessContext.policy, Policy.data FROM `modx_access_context` AS `modAccessContext` LEFT JOIN `modx_access_policies` `Policy` ON `modAccessContext`.`policy` =  `Policy`.`id` WHERE  ( `modAccessContext`.`principal_class` = ? AND `modAccessContext`.`target` = ? )  ORDER BY modAccessContext.target,modAccessContext.principal,modAccessContext.authority,modAccessContext.policy ASC 
[2020-09-20 03:20:47] (ERROR in xPDOConnection::connect @ /home/n/nikidem/sirchaplin.ru/public_html/core/xpdo/xpdo.class.php : 3119) SQLSTATE[HY000] [2002] No such file or directory
[2020-09-20 03:20:47] (ERROR @ /home/n/nikidem/sirchaplin.ru/public_html/core/xpdo/om/xpdoobject.class.php : 263) Error preparing statement for query: SELECT modAccessContext.id, modAccessContext.target, modAccessContext.principal, modAccessContext.authority, modAccessContext.policy, Policy.data FROM `modx_access_context` AS `modAccessContext` LEFT JOIN `modx_access_policies` `Policy` ON `modAccessContext`.`policy` =  `Policy`.`id` WHERE  ( `modAccessContext`.`principal_class` = ? AND `modAccessContext`.`target` = ? )  ORDER BY modAccessContext.target,modAccessContext.principal,modAccessContext.authority,modAccessContext.policy ASC  - 
[2020-09-20 03:20:47] (ERROR in xPDOConnection::connect @ /home/n/nikidem/sirchaplin.ru/public_html/core/xpdo/xpdo.class.php : 3119) SQLSTATE[HY000] [2002] No such file or directory
[2020-09-20 03:20:47] (ERROR @ /home/n/nikidem/sirchaplin.ru/public_html/core/xpdo/om/xpdoquery.class.php : 652) Could not construct or prepare query because it is invalid or could not connect: SELECT `modResource`.* FROM `modx_site_content` AS `modResource` WHERE  ( `modResource`.`id` = ? AND `modResource`.`deleted` = ? )  
[2020-09-20 03:20:47] (ERROR in xPDOConnection::connect @ /home/n/nikidem/sirchaplin.ru/public_html/core/xpdo/xpdo.class.php : 3119) SQLSTATE[HY000] [2002] No such file or directory
[2020-09-20 03:20:47] (ERROR @ /home/n/nikidem/sirchaplin.ru/public_html/core/xpdo/om/xpdoobject.class.php : 263) Error preparing statement for query: SELECT `modResource`.* FROM `modx_site_content` AS `modResource` WHERE  ( `modResource`.`id` = ? AND `modResource`.`deleted` = ? )   - 
[2020-09-20 03:20:47] (ERROR in xPDOConnection::connect @ /home/n/nikidem/sirchaplin.ru/public_html/core/xpdo/xpdo.class.php : 3119) SQLSTATE[HY000] [2002] No such file or directory
[2020-09-20 03:20:47] (ERROR @ /home/n/nikidem/sirchaplin.ru/public_html/core/xpdo/om/xpdoquery.class.php : 652) Could not construct or prepare query because it is invalid or could not connect: SELECT `modResource`.* FROM `modx_site_content` AS `modResource` WHERE  ( `modResource`.`id` = ? AND `modResource`.`deleted` = ? )  
[2020-09-20 03:20:47] (ERROR in xPDOConnection::connect @ /home/n/nikidem/sirchaplin.ru/public_html/core/xpdo/xpdo.class.php : 3119) SQLSTATE[HY000] [2002] No such file or directory
[2020-09-20 03:20:47] (ERROR @ /home/n/nikidem/sirchaplin.ru/public_html/core/xpdo/om/xpdoobject.class.php : 263) Error preparing statement for query: SELECT `modResource`.* FROM `modx_site_content` AS `modResource` WHERE  ( `modResource`.`id` = ? AND `modResource`.`deleted` = ? )   - 
[2020-09-20 03:20:47] (ERROR in xPDOConnection::connect @ /home/n/nikidem/sirchaplin.ru/public_html/core/xpdo/xpdo.class.php : 3119) SQLSTATE[HY000] [2002] No such file or directory
[2020-09-20 03:20:47] (ERROR @ /home/n/nikidem/sirchaplin.ru/public_html/core/xpdo/om/xpdoquery.class.php : 652) Could not construct or prepare query because it is invalid or could not connect: SELECT `modSession`.`id` AS `modSession_id`, `modSession`.`access` AS `modSession_access`, `modSession`.`data` AS `modSession_data` FROM `modx_session` AS `modSession` WHERE `modSession`.`id` = ? 
[2020-09-20 03:20:47] (ERROR in xPDOConnection::connect @ /home/n/nikidem/sirchaplin.ru/public_html/core/xpdo/xpdo.class.php : 3119) SQLSTATE[HY000] [2002] No such file or directory
[2020-09-20 03:20:47] (ERROR @ /home/n/nikidem/sirchaplin.ru/public_html/core/xpdo/om/xpdoobject.class.php : 263) Error preparing statement for query: SELECT `modSession`.`id` AS `modSession_id`, `modSession`.`access` AS `modSession_access`, `modSession`.`data` AS `modSession_data` FROM `modx_session` AS `modSession` WHERE `modSession`.`id` = ?  - 
[2020-09-20 03:20:47] (ERROR in xPDOConnection::connect @ /home/n/nikidem/sirchaplin.ru/public_html/core/xpdo/xpdo.class.php : 3119) SQLSTATE[HY000] [2002] No such file or directory
[2020-09-20 03:20:47] (ERROR in xPDOConnection::connect @ /home/n/nikidem/sirchaplin.ru/public_html/core/xpdo/xpdo.class.php : 3119) SQLSTATE[HY000] [2002] No such file or directory
